<?xml version="1.0" encoding="UTF-8"?>
<!-- Generated by org.testng.reporters.JUnitReportReporter -->
<testsuite hostname="LAPTOP-VHN20HQL" failures="0" tests="1" name="com.TestCase.TC002_LoginTest" time="5.672" errors="0" timestamp="2025-02-11T23:55:44 IST" skipped="0">
  <testcase classname="com.TestCase.TC002_LoginTest" name="verifyLoginOrNot" time="5.672"/>
</testsuite> <!-- com.TestCase.TC002_LoginTest -->
