<?xml version="1.0" encoding="UTF-8"?>
<!-- Generated by org.testng.reporters.JUnitReportReporter -->
<testsuite hostname="LAPTOP-VHN20HQL" failures="0" tests="3" name="com.TestCase.TC003_LoginTestDataDrivenTest" time="25.064" errors="0" timestamp="2025-02-09T16:37:35 IST" skipped="0">
  <testcase classname="com.TestCase.TC003_LoginTestDataDrivenTest" name="verifyLoginOrNotDataDrivenTest" time="11.328"/>
  <testcase classname="com.TestCase.TC003_LoginTestDataDrivenTest" name="verifyLoginOrNotDataDrivenTest" time="11.153"/>
  <testcase classname="com.TestCase.TC003_LoginTestDataDrivenTest" name="verifyLoginOrNotDataDrivenTest" time="2.583"/>
</testsuite> <!-- com.TestCase.TC003_LoginTestDataDrivenTest -->
